hftGSSWzhZQO/f20GZpRPWzOwftPWbqxwF92CWuKiv1VyjIoMoTxGFyNhJJo/WO99dc4sYqNDuQhhLp8TUeS3r/52LJWkIViLY8TT6wFZqkR
i+e4A8vkW/kkcwhyBteJM9/4242Yog+Y1FQMv6lj2N23iAxpRuYQl1yK2ncIqlWQztwPnW75Kgzq1uHOC5snd6kC
vlIhMKGpFz3/Gp/aE8EdPLP5tK6MeGGkJnArkRQEv88BKnGVjKvo7yrYt/qMidVC+pYBIx0U5FjUmgsB/+e7bG93iuGm4+yO5dDZpti0oDieRHONqiZkx3kmBB5Qemh0kVaaydr6Ge/XGSy8Js1ghLEy7rqjd1aHnv76gH0UA9WjtanE
N5Kwv5a7kSuPRq+oZXXg9jT2+FW7pmre2fVRTaACL1wk9CtgyLQv0xt+da06uqT0TzKHC6Hn7tEMqXs=
yQBQTLjSeJR32NEHRTDPu4YgOMJxdxrhIlhu8h+NTGC+iXBoGUauRpsT5kuWqlqcJZDT+csBqXg=
i+e4A8vkW/kkcwhyBteJM9/4242Yog+Y1FQMv6lj2N23iAxpRuYQl1yK2ncIqlWQztwPnW75Kgzq1uHOC5snd6kC
lMNoOabKK2R1GvcKV0kcgt/4242Yog+Y1FQMv6lj2N23iAxpRuYQl1yK2ncIqlWRztwPnW75Kgzq1uHOC5snd6kC
lMNoOabKK2R1GvcKV0kcgt/4242Yog+Y1FQMv6lj2N23iAxpRuYQl1yK2ncIqlWRztwPnW75Kgzq1uHOC5snd6kC
lMNoOabKK2R1GvcKV0kcgt/4242Yog+Y1FQMv6lj2N23iAxpRuYQl1yK2ncIqlWRztwPnW75Kgzq1uHOC5snd6kC
+S3n6eS9eguwgHLRZ+LsPFqx+kifPJNZyHanPHTwpCs591BZNwyE/dZyuDP8LnKjWH4dVY4YR0k+LQIoyvLJ2huPL3OpBg==
ByR58LXOgoU5Y/Cj7oiShqATfyABInpHMJIFRoi/yFgLM7N6a7PX/UapSgRVnLZMUS9kngtRRELaCDHC+fffH5AtcqkF
+wE+Srf+HlyDlCq38OzkLaMTfyABInpHMJIFRoi/yFgLM7N6a7PX/UapSgRVnLZMUS9kngtRRELaCDHC+fffH5AtcqkF
FiRzy4xVCLkKwHJkeppfBKETfyABInpHMJIFRoi/yFgLM7N6a7PX/UapSgRVnLZMUS9kngtRRELaCDHC+fffH5AtcqkF
vErjDPMuXDLrsJBdDZjlbKASfyABInpHMJIFRoi/yFgLM7N6a7PX/UapSgRVnLZMUS9kngtRRELaCDHC+fffH5AtcqkF
34kl+QUchOCjYOGFf/AlCqMSfyABInpHMJIFRoi/yFgLM7N6a7PX/UapSgRVnLZMUS9kngtRRELaCDHC+fffH5AtcqkF
DWAfnwhd5YFHvKP7Bt1qlKESfyABInpHMJIFRoi/yFgLM7N6a7PX/UapSgRVnLZMUS9kngtRRELaCDHC+fffH5AtcqkF
mGm4eZ9KrfEnFi98/pyRoQ6ewy7QctQXm2e4PG6j4S089FFSWkiV6tFhsyP8LnKjWH4dVY4YR0k+LQIoyvLJ2huPL3OpBg==
OOgvkOvZ6OxWGlCQnxqV9A2ewy7QctQXm2e4PG6j4S089FFSWkiV6tFhsyP8LnKjWH4dVY4YR0k+LQIoyvLJ2huPL3OpBg==
Beowpxaxnyd3GoQ2SvUSuVR9+KnDKrNgzVqOF+Q6ueYUV7yon6s/+ucrQ42ywdak6TTinCXXKF5HaXASDmDNouXf6y+ENX6pCQ==
QhFLDqPpHPZC02hsxtEEnlqx+kifPJNZyHKlMnTwpCs591BZNwyE/dZyuDP8LnKjWH4dVY4YR0k+LQIoyvLJ2huPL3OpBg==
+S3n6eS9eguwgHLRZ+LsPFqx+kifPJNZyHanPHTwpCs591BZNwyE/dZyuDP8LnKjWH4dVY4YR0k+LQIoyvLJ2huPL3OpBg==
ByR58LXOgoU5Y/Cj7oiShqATfyABInpHMJIFRoi/yFgLM7N6a7PX/UapSgRVnLZMUS9kngtRRELaCDHC+fffH5AtcqkF
+wE+Srf+HlyDlCq38OzkLaMTfyABInpHMJIFRoi/yFgLM7N6a7PX/UapSgRVnLZMUS9kngtRRELaCDHC+fffH5AtcqkF
FiRzy4xVCLkKwHJkeppfBKETfyABInpHMJIFRoi/yFgLM7N6a7PX/UapSgRVnLZMUS9kngtRRELaCDHC+fffH5AtcqkF
vErjDPMuXDLrsJBdDZjlbKASfyABInpHMJIFRoi/yFgLM7N6a7PX/UapSgRVnLZMUS9kngtRRELaCDHC+fffH5AtcqkF
34kl+QUchOCjYOGFf/AlCqMSfyABInpHMJIFRoi/yFgLM7N6a7PX/UapSgRVnLZMUS9kngtRRELaCDHC+fffH5AtcqkF
DWAfnwhd5YFHvKP7Bt1qlKESfyABInpHMJIFRoi/yFgLM7N6a7PX/UapSgRVnLZMUS9kngtRRELaCDHC+fffH5AtcqkF
mGm4eZ9KrfEnFi98/pyRoQ6ewy7QctQXm2e4PG6j4S089FFSWkiV6tFhsyP8LnKjWH4dVY4YR0k+LQIoyvLJ2huPL3OpBg==
OOgvkOvZ6OxWGlCQnxqV9A2ewy7QctQXm2e4PG6j4S089FFSWkiV6tFhsyP8LnKjWH4dVY4YR0k+LQIoyvLJ2huPL3OpBg==
Beowpxaxnyd3GoQ2SvUSuVR9+KnDKrNgzVqOF+Q6ueYUV7yon6s/+ucrQ42ywdak6TTinCXXKF5HaXASDmDNouXf6y+ENX6pCQ==
QhFLDqPpHPZC02hsxtEEnlqx+kifPJNZyHKlMnTwpCs591BZNwyE/dZyuDP8LnKjWH4dVY4YR0k+LQIoyvLJ2huPL3OpBg==
+S3n6eS9eguwgHLRZ+LsPFqx+kifPJNZyHanPHTwpCs591BZNwyE/dZyuDP8LnKjWH4dVY4YR0k+LQIoyvLJ2huPL3OpBg==
ByR58LXOgoU5Y/Cj7oiShqATfyABInpHMJIFRoi/yFgLM7N6a7PX/UapSgRVnLZMUS9kngtRRELaCDHC+fffH5AtcqkF
+wE+Srf+HlyDlCq38OzkLaMTfyABInpHMJIFRoi/yFgLM7N6a7PX/UapSgRVnLZMUS9kngtRRELaCDHC+fffH5AtcqkF
FiRzy4xVCLkKwHJkeppfBKETfyABInpHMJIFRoi/yFgLM7N6a7PX/UapSgRVnLZMUS9kngtRRELaCDHC+fffH5AtcqkF
vErjDPMuXDLrsJBdDZjlbKASfyABInpHMJIFRoi/yFgLM7N6a7PX/UapSgRVnLZMUS9kngtRRELaCDHC+fffH5AtcqkF
34kl+QUchOCjYOGFf/AlCqMSfyABInpHMJIFRoi/yFgLM7N6a7PX/UapSgRVnLZMUS9kngtRRELaCDHC+fffH5AtcqkF
DWAfnwhd5YFHvKP7Bt1qlKESfyABInpHMJIFRoi/yFgLM7N6a7PX/UapSgRVnLZMUS9kngtRRELaCDHC+fffH5AtcqkF
mGm4eZ9KrfEnFi98/pyRoQ6ewy7QctQXm2e4PG6j4S089FFSWkiV6tFhsyP8LnKjWH4dVY4YR0k+LQIoyvLJ2huPL3OpBg==
OOgvkOvZ6OxWGlCQnxqV9A2ewy7QctQXm2e4PG6j4S089FFSWkiV6tFhsyP8LnKjWH4dVY4YR0k+LQIoyvLJ2huPL3OpBg==
Beowpxaxnyd3GoQ2SvUSuVR9+KnDKrNgzVqOF+Q6ueYUV7yon6s/+ucrQ42ywdak6TTinCXXKF5HaXASDmDNouXf6y+ENX6pCQ==
QhFLDqPpHPZC02hsxtEEnlqx+kifPJNZyHKlMnTwpCs591BZNwyE/dZyuDP8LnKjWH4dVY4YR0k+LQIoyvLJ2huPL3OpBg==
+S3n6eS9eguwgHLRZ+LsPFqx+kifPJNZyHanPHTwpCs591BZNwyE/dZyuDP8LnKjWH4dVY4YR0k+LQIoyvLJ2huPL3OpBg==
QhFLDqPpHPZC02hsxtEEnlqx+kifPJNZyHKlMnTwpCs591BZNwyE/dZyuDP8LnKjWH4dVY4YR0k+LQIoyvLJ2huPL3OpBg==
//aGSO/QlERPvGZBxAmJIFqx+kifPJNZyHKlMnTwpCs591BZNwyE/dZyuDP8LnKjWH4dWo4YR0k+LQIoyvLJ2huPL3OpBg==
044FYg1KBKROM2iIsGTwLKATfyABInpHMJIFRoi/yFgLM7N6a7PX/UapSgRVnLZMUS9rngtRRELaCDHC+fffH5AtcqkF
hIB3IfMnVtfJ5/oJpg3XZqMTfyABInpHMJIFRoi/yFgLM7N6a7PX/UapSgRVnLZMUS9rngtRRELaCDHC+fffH5AtcqkF
V7+PVCb9/GVZ9V3K2m7IjqETfyABInpHMJIFRoi/yFgLM7N6a7PX/UapSgRVnLZMUS9rngtRRELaCDHC+fffH5AtcqkF
HY3CrqVhpX1ce8UkLDwodaASfyABInpHMJIFRoi/yFgLM7N6a7PX/UapSgRVnLZMUS9rngtRRELaCDHC+fffH5AtcqkF
gybotYvrEbjcdhn32xgGhKMSfyABInpHMJIFRoi/yFgLM7N6a7PX/UapSgRVnLZMUS9rngtRRELaCDHC+fffH5AtcqkF
FeWRqleu/fPiv9OgM41SoKESfyABInpHMJIFRoi/yFgLM7N6a7PX/UapSgRVnLZMUS9rngtRRELaCDHC+fffH5AtcqkF
noD3AG1+ebW0oKz/1L898w6ewy7QctQXm2e4PG6j4S089FFSWkiV6tFhsyP8LnKjWH4dWo4YR0k+LQIoyvLJ2huPL3OpBg==
he4PD3gNAds+gbKO0Kv0gQ2ewy7QctQXm2e4PG6j4S089FFSWkiV6tFhsyP8LnKjWH4dWo4YR0k+LQIoyvLJ2huPL3OpBg==
9aRgTqcvlRmpLwIfYZpNGVR9+KnDKrNgzVqOF+Q6ueYUV7yon6s/+ucrQ42ywdak6TTinCXXJ15HaXASDmDNouXf6y+ENX6pCQ==
aWLam+TFB6G0fFzIruAsA1qx+kifPJNZyHanPHTwpCs591BZNwyE/dZyuDP8LnKjWH4dWo4YR0k+LQIoyvLJ2huPL3OpBg==
//aGSO/QlERPvGZBxAmJIFqx+kifPJNZyHKlMnTwpCs591BZNwyE/dZyuDP8LnKjWH4dWo4YR0k+LQIoyvLJ2huPL3OpBg==
EX+bg7qhEZ/w197rYvUsh3krm5h70w5lEDAzZVj80r5kQkojmdbaxy+6U7kP8uWW82+WRXIpNPzRr3BLFlGk5TTmItS8FmKreLZtwg6AtwEeJRIQCopZUntHH2upHg==
dtt0Ho30fICQQbW6O8X6tXkrm5h70w9lEDAzZVj80r5kQkgjmdbaxy66U7kP8uWW82+WRXIpNPzRr3BLFlGk5TTmItS8FmKreLZtwg6AtwEeJRIQCopZUntHH2upHg==
3uuKunyzatDZ5OEXOeIrAOLzo8be2KvXTirJhc3cz0Xz0gJ/a2MRgs+N6gcrcV8YaKfd3tS7gsdbhetlYuBOiV4DAgvA8sm1XL3WIwB7vGxecmzUNsVATGHUblJzv3aPjpa66O2cox1zXaks
XY+Kin6kpEjrtygFHUIug+Lzo8be2KvXTirJhc3cz0Xz0gJ/a2MRgs+O6gcrcV8YaKfd3tS7gsdbhetlYuBOiV4DAQvA8sm1XL3WIwB7vGxecmzUNsVATGHUblJzv3aPjpa66O2cox1zXaks
Hto0HMQJ9JLf61eeqREt5+Lzo8be2KvXTirJhc3cz0Xz0gJ/a2MRgs+M6gcrcV8YaKfd3tS7gsdbhetlYuBOiV4DAwvA8sm1XL3WIwB7vGxecmzUNsVATGHUblJzv3aPjpa66O2cox1zXaks
clhcUj4dr6/rfAweBL/GC3WAsKSysZInYd7TNoRkYnCbUDZZXFX+u+KlwBAVAA7uXPNaJyEHzo5UeWQaGzrx1bhiUjYKcjB4qeglBHXcVswx70ue6xHkwnpI0cLZN3+fcG1SqSU=
5UD3R/5TDJsliCNNH8aDe3WAsKSysZInYd7TNoRkYnCbUDZZX1X+u+KlwBAVAA7uXPNaJyEHzo5UeWQZGzrx1bhiUjYKcjB4qeglBHXcVswx70ue6xHkwnpI0cLZN3+fcG1SqSU=
Hxdlbk8kXAXRh3WuHBtN62aY23SGvl2Ax/ESi/yvY02nbDvQsZOKcGwWGxyPz+yx4HB/7zL4rKmOHQvR1721rqhueUHEMVaniIcs+CbezDCemTD4uRiuFjuDplu2+trMBYCTaWtRqSg=
044FYg1KBKROM2iIsGTwLKATfyABInpHMJIFRoi/yFgLM7N6a7PX/UapSgRVnLZMUS9rngtRRELaCDHC+fffH5AtcqkF
hIB3IfMnVtfJ5/oJpg3XZqMTfyABInpHMJIFRoi/yFgLM7N6a7PX/UapSgRVnLZMUS9rngtRRELaCDHC+fffH5AtcqkF
V7+PVCb9/GVZ9V3K2m7IjqETfyABInpHMJIFRoi/yFgLM7N6a7PX/UapSgRVnLZMUS9rngtRRELaCDHC+fffH5AtcqkF
HY3CrqVhpX1ce8UkLDwodaASfyABInpHMJIFRoi/yFgLM7N6a7PX/UapSgRVnLZMUS9rngtRRELaCDHC+fffH5AtcqkF
gybotYvrEbjcdhn32xgGhKMSfyABInpHMJIFRoi/yFgLM7N6a7PX/UapSgRVnLZMUS9rngtRRELaCDHC+fffH5AtcqkF
FeWRqleu/fPiv9OgM41SoKESfyABInpHMJIFRoi/yFgLM7N6a7PX/UapSgRVnLZMUS9rngtRRELaCDHC+fffH5AtcqkF
noD3AG1+ebW0oKz/1L898w6ewy7QctQXm2e4PG6j4S089FFSWkiV6tFhsyP8LnKjWH4dWo4YR0k+LQIoyvLJ2huPL3OpBg==
he4PD3gNAds+gbKO0Kv0gQ2ewy7QctQXm2e4PG6j4S089FFSWkiV6tFhsyP8LnKjWH4dWo4YR0k+LQIoyvLJ2huPL3OpBg==
9aRgTqcvlRmpLwIfYZpNGVR9+KnDKrNgzVqOF+Q6ueYUV7yon6s/+ucrQ42ywdak6TTinCXXJ15HaXASDmDNouXf6y+ENX6pCQ==
aWLam+TFB6G0fFzIruAsA1qx+kifPJNZyHanPHTwpCs591BZNwyE/dZyuDP8LnKjWH4dWo4YR0k+LQIoyvLJ2huPL3OpBg==
//aGSO/QlERPvGZBxAmJIFqx+kifPJNZyHKlMnTwpCs591BZNwyE/dZyuDP8LnKjWH4dWo4YR0k+LQIoyvLJ2huPL3OpBg==
aWLam+TFB6G0fFzIruAsA1qx+kifPJNZyHanPHTwpCs591BZNwyE/dZyuDP8LnKjWH4dWo4YR0k+LQIoyvLJ2huPL3OpBg==
+A3DNVW56MC+v3wt+rKs3JdW/wLJQ/Agt/t9Y47JX////zl11i4dZHk0Y7BgFLdDjf7tPaJazCQH8s/7yQeWIXSpAw==
oPbpVkUC2fsilV/KX/6hYDT2+FW7pmre2fVRTaACL1wk9CtgyLQv0xV+da06uqT0TzKHC6Hn7tEMqXs=
HQ2pKAXzdpS/oO0wSb0JvoYgOMJxdxrhIlhu8h+NTGC+iXBoGUiuRpsT5kuWqlqcJZDT+csBqXg=
ecb//Ac2MTW5GGYo1Tv9s/aEJ1eNrSoBhh6IHc/VDwesVF1eWt65kPkuSkoYFZvhkQm2gJ9cU/lIlmdcdNDki7mXkHk3LESdVtL4E/xOskPY3t06jvgH6b5NQsjK0gl6m29vU6km
tQ/AIkOVgsLpia/z/iEXDTHe5PvT78cgcdnVP5ldSWWkHx8aHX/Ntemwg0BOVRSlRuRRb28l1JRBTSVcOzqu3ahyWBdPYmB6teI6BHXcVswx70ue6xHkwnpI0cLZN3+fcG1SqSU=
i6lo8UTk9hO3Y1wS/QUZ5Bd+YCxRRiViWuLBrAkSMvb4qeNdYbXOPF9gK8W4qh9glOycN0kr6MW3kDwhpm6ALxxyyn8o4qUGTkR/VU7xOnQqbnFGa1MXb6ka
b7kb3uYvZTmlOjYKfxaS7gNa5PIeq3ADdE8tZlrmybgZBhoS2M3LiTHhBvgfpOOR6H63BDQINKPZv2BBNxS0tTb6KMu8FmKreLZtwg6AtwEeJRIQCopZUntHH2upHg==
gNs0X9YO3BXcTmPoeCICx3M1mRjFp93noeDaZE02kZyGhEg/f/eJC6qevwaHPwDEy7LEWmB9AfUsh/dWcHt+oPQd7CSWlQCcgeVuYpNvNt8uZjqYTUxjTRNtqRw=
jUYHoOHmCIjHe0ijuBHrxjHe5PvT78cgcdnVP5ldSWW/Hx8aHX/Ntemwg0BOVRSlRuRRb28l1JRBTSVcOzqu3ahyWBdPYmB6teI6BHXcVswx70qe6xHkwnpI0cLZN3+fcG1SqSU=
cg2MwtQGk+bh/Tz+NKJ6pCqQgr5PBvfyhwt4H2+KivtkhGg5PImwchiHk4Jk0C21+J48s6qBGOQhhLp8TUee3r/52LJWkIViLY8TT6wFZqkR
4sk6SGE5tfaWXIB+QEsPTPblmiDl0ZcgtvSszAZdIJRRhu8KQmcWF76OenBdhMPFwwWpdA==
cUFm28OjjhLXUQNWsKBu0g0BIpQMGMLXaS7gSl461pMQ2/+UwZTPGDTE45vaPrHk9oqYzGsSoxO99+LZCKl/
L4WnHwwzZ22uislyLSy16w0BIpQMGMLXaS7gSl461pMQ2/+UwZTPGDTE45vfOLHr9oqYzGsSoxO99+LZCKl/
zAjltc1fZxZneUCmiiS82yppy9cvmVEZQ08tZlrmybgZBhoS2M3LiTHhBvgfpOOR6H63BDQINKPZv2BBNxS0tTb6KMu8FmKreLZtyQmAuAEeJRIQCopZUntHH2upHg==
V5e8zGTURx2/Q2JZxYeS3Bc2v/WXSr09jkuOSPUit/pRUb6zne5lhrkNBNni6sWk6TTinCXXK15HZnASDmDNouXf6y+ENX6pCQ==
mTAyJrXRhpHwWZX+rQn/y/blmiDm0ZcgtfSszAZdIJRRhOoKR2AWF76OenBdhMPFwwWpdA==
0gXioAFirDm5F+fVmuTwTRFNOcvM3PmUN6QPbkKNlRx0GsZgYTruoDj7J8cJ1AdozKQLC0e5KXFZKiB8I9Lrw+UXiilwqQc=
xIr6tCSolipnLB23+l2SWw0BIpQMGMLXaS7gSl461pAQ2/+XwZTPGDTE45vZP7Hh8YqYzGsSoxO99+LZCKl/
UJG7SpEc+TJqJIFNXOtYuB+6+mjRaZcaxmy8M2729m4i7VxFWg/C35866TL8LnKjWH4dVokYQk4+LQIoyvLJ2huPL3OpBg==
AEuTcKYuciWTdqjiB3D3bA0BIpQMGMLXaS7gSl461pAQ2/+XwZTPGDTE45vaObHn8YqYzGsSoxO99+LZCKl/
XiX685QAoQRRTT4f8zarF/blmiDn0ZcgtPSszAZdIJRRhu8KQWAWF76OenBdhMPFwwWpdA==
1wYQ1XAWMzlZI0fO0etgtg0BIpQMGMLXaS7gSl461pEQ2/+WwZTPGDTE45veP7Hn8YqYzGsSoxO99+LZCKl/
3CNNAdgTAINXGpsYvM2H1xXSiLB+EBf0pmr3MBdPI3b9QfI0vJhSNxnusGpuOuaxwJsP9lEUf7hkBJN7zjihxsHKSKybkjOzDTeyOXipDw==
y6Imod/8v0AQOkQy8o/cNBXSiLB+EDf0pmr3MBdPI3b9QfI0vJhSNxnusGpuOuaxwJsP9lEUf7hkBJN7zD+hxsHKSKybkjOzDTeyOXipDw==
uJOYMrVJd8p4fjBfO+6SJDcH+BYX0P+E5LzW9AaGtrMnV+2t0Epm2O9n/cfM4swQXvmwGPk2qDZ0ZCY7dtra7MXgE4krcakI
7NjJuPMxjcQKKrCw+MFgXvblmiDl0JcgtvWszAZdIJRRgOkKRWEWF76OenBdhMPFwwWpdA==
Gl+Fupxm10cJ9uAV7ULDj46KDhLSkaQ52nM5om9GEk8cUorfqALlKUlkuTPOUfpUKo4xpuvz1w+peg==
wEwCMYH69W0hqr56cUn6PrItPiEcbygYId8BWt29wlcTObR6LOfjsx3wWgRVnLZMUS9imwtWQkLaCDHC+fffH5AtcqkF
He5myZCnQb8PquDm3OPaXEgS4qBOLHrWuIh36krvAqql+hV84OhdcRzcSlEZDNHmv2Iaezxmwns4ho3fCpDQN951suCKOrkCO7c/e6kO
M7DW4DyF6Tlvj1EZohkPa1zic3vzyvJAM2Ln/KNGXVDxxFWxoZpGoFUxf5vvWEknptCRnGp59cPpu3ckmFS3CDzkO+s5uRlSqGqQ3FNSe2M1V1oJYKkX
QaiZFZuj9zMlx6e7lDOj9HXD/eBgeP3BXAwqoRn8sTb/0rrrvPYiC/jWreoPoPDnnoXScAqqGbL7598LqX4=
TozT8GgYsQaM9Gyk7O1tsvblmiDm0JcgtfWszAZdIJRRh+4KRGEWF76OenBdhMPFwwWpdA==
wWE3bfioX6wF+/KamMwdKI6KDhLSkaQ52nM6om9GEU8cUorfqALlKU5kuDPOUfpUKo4xpuvz1w+peg==
kp2QWyj8JDLuS+fyex9GzNxkO9p/ZxqxfmQnvF2RTGC+iXBoGUOrRp8V5kuWqlqcJZDT+csBqXg=
PFqzUCNp3KdNhlgWoS3Wk1zicnvzyvJAM2Ln/KNGXVDxxFWxoZpGoFUxf5vvWEknptCRnGp59cDpu3cnmFS3CDzkO+s2uRlRqGqQ3FNSe2M1V1oJYKkX
Vgdp6YZH3Ja1PAyNV7HYnSYH9g9EjLGd+v2ApA6M8P5hU/SinhtZyp4U58y94cwQXvmwGPkwqDZ/ZSY7dtra7MXgE4krcakI
hkOtYAaqhQygy9rtK3ckS1oj9dhnE7LoQ49ibjsme4wOeGXv4mA15Pb5aThNC7NvtHTbADj037MFeGWJDPoUVP+yF6vxJ74xfKkL
XxLwepoi04Pl0F/ofKmJvvblmiDn0JcgtPWszAZdIJRRhO4KR2EWF76OenBdhMPFwwWpdA==
zvtPqTcWXYYgxNtvT3u+EdxkO9p/Zxqxf2QnvFyRTGC+iXBoGUmuRp8V5kuWqlqcJZDT+csBqXg=
G/jAfQBSx1dGFnsHlW5PEXnq0lr9531KfNy92mlgLTbzzJ98uy0Peuj8u4kRR0Eoh/voaF/AJLm7nSeDOfpWJJnUUtzVtx9aN0xGUv7AfSJ1fztvVBVuqRk=
vtSIV/3X84563goC2VqxXFoj9dhnE7LoQ49ibjsme4wOeGXv4mA15Pb5aTlNC7NutHTbADj037MFemWIDPoUVP+yF6vxJ74xfKkL
f5v7WH2VlktmwQhfhlVy3HIcPbZa4qEv3+qKony+0nMYTj1hjihif/59orhKYimK2//PA6l2
zb/Udn10K80o2Gu32OTaB/blmiDl0ZcgtvSszAZdIJRRge4KRmEWF76OenBdhMPFwwWpdA==
PgEXasubf5N5v3CDU5lf63IcPbZa/6Ev3+qKony+0nMYTj1qjihif/59orhKYimK2//PA6l2
YWwWCQEIS5448HsQXqMlz3IcPbZa/6Ev3+qKony+0nMYTj1mjyhlf/59orhKYimK2//PA6l2
f6XBqVITXWtelC2y7q0GFgDkJqMYNC76+3MXxp+3I/qob24jgWi/ZLHkSjydZ6PbzxmOcuYwFeLd78MPnCV2qQE=
9/PSdR4+UfNTpFyCTQGHMY0aoUCMC7Jg/KopJ92OVfPhumorpGtLPG00Y7BgFLdDjfrtPaRazCQH8s/7yQeWIXSpAw==
XjR8YUmZ6X3lRQh+5hDCufblmiDm0ZcgtfSszAZdIJRRgu4KTWEWF76OenBdhMPFwwWpdA==
s9OrfKzwPFsQfS5wM+/wx/UoOSEaYXoaO5YKRt2oi0YSPqR6LOTisx3zWwRVnLZMUS9qngtfQkLaCDHC+fffH5AtcqkF
HXFsL0fYF7lDaJGZverTZTUc8RVYz/+P5rSXuhSd8KonXO7knxAawZ4V58y94MwQXvmwGPk2qzZ0ZSY7dtra7MXgE4krcakI
IY+pt/rFMSDV2DxFIAcUFVakf+NHcnLouy1f0tGxN/qobG4jgWu/ZLHkSjydZ67bzxaOcuYwFeLd78MPnCV2qQE=
GxNgXfBGeWVCxy10Sh8Roo6KDhLSkaQ52nM6o29GEU4cUorfqALlLUpksDPOUfpUKo4xpuvz1w+peg==
x2RuJ2WRWDicxteUSuGEg4DocVdv2M/oc0NHkOqgJHrskBxhdxW7HeArgceqWmsYrVmpejwEknOtU6uExTzmjAEPUZr7N5eCi+ihQkmXL1+gDWKpFQ==
ENZ6NSdYTLeou8Yb8/WEeqea40Ko0md+4MvnWzBTHZzw4DdidkQ93WTbHlH2Jfsq2reYElUvDQXqunJYfMvDzwX0S6BoNI+T/XlVa1k6xTRvMmdLQWdOEWypGw==
PJmFDR6FNCXRkeXB4whiHtxkO9p/ZxqxfmUnvF2QTGC+iXBoGUOpRp0Q5kqWqlqcJZDT+csBqXg=
z/ghxlH6ZplaYR/pnzamY+1NndR2Ci4FgzI+LTpVOMJSNUyh+nVKFi4UTUtGNmiK+7Drz9C3Mwv/BcKgr9IidK0gcsiT4/S4k2hQOU80atMl40NErSzurFlfzxtjZk9ig/iJguHnp78YfVqpLQ==
XVYNu8TguQHK8cBe4p6XWNFxEzADiCvPIj8kEv+nEGXVvkO83g5eDxeU/c3Hlh00N3wVTb0GugIa3hm04y69+EAsdWUMCAL1maiaM692Mb6c4mqvaJKF+Ug0WKaOoJrkqv4Rlqtjd1+pKg==
AV/MOSDTv3JkOoeSNs55+tZxEzADiCvPIj8kEv+nEGXVvkO83g5eDxeU/c3Hlh00N3wVTb0GugIa3hm04y69+EAsdWUMCAL1maiaM692Mb6c4mqvaJKF/040WKaOoJrkqv4Rlqtjd1+pKg==
Nc6QlEo3emIbWxFVpLmLdkV4o/hRQOsB2+KI9+jizUg5Em+65qSsdWIxV13yRn83N82q/H5TMJbx65RqrgNZ4s7tR0RNuIz4TsFQUEmsKp6uGAYyBgIahFVYc0Ebaakg
M66V1sJw8MdunfTIZnrJFSpv388p304jAHFsYE32xagXDBIW3NuOmz/7FuQf6euX8iqqAWBYPaHcrGpBGRzyl3+yecq8FmKreLZtwwqAsgIeJBIQCopZUntHH2upHg==
BDrM+0Cxpuvs9pQ9EL1Q+PLBqO/46s1wSTqP4rZsbA3S2ffFYs7/j8dlyiSuG3BuwYO0cr4LWdq+xaccHXBMgP4p8MjZJKkmXrBm6tZKWnxlMFNZC2GpGA==
91Xsls9HlpBwTYQJS9skP0zYr8pGNCzFgmEXrdJWfwdXHWqM3sOwJhG71JqOE1nSrj2HNO0oDEiukRCgaboors7IxkKmkpo0tQgzsTt5qRA=
58ViU+T5UVoDK/uvdEqGN0oyLg7vhMTD26wwVUuOwbiObiOm5TYT5tuZv5fawdaz4gJxJBlfYiNZo1XhIADNtojcR/TAmOG3PnBZrBJ5DfCgG++3MRSf+ASEczuoPoGGZUrp7LuSE/OttxJ5WKkv
ViS/k7VRStDqmmMyPOHBE+X6o9DP2qvLUGyb2p+LngCYk14vJDFN98GKjBVkPU0ZaaaHionn1Zge4Pp4de5bwGlKEHrJr8S2RrfZblYJ9zgFbGzUNsVATGHZalJzvHaOjpa66O2cox1zXaks
xaLRfA9hoUYnhSqJzLm7POr6o9DP2qvLUGyb2p+LngCYk14vJDFN98GKjBVkPU0ZaaaHionn1Zge4Pp4de5bwGlKEHrJr8S2RrfZblYJ9zgFbGzUNsVATGHZaVJzvHaOjpa66O2cox1zXaks
AUIbcVMcAoWEYM2t4Sx3uPblmiDn0ZcgtPSszAZdIJRRheoKTGQWFr6OenBdhMPFwwWpdA==
hB9T+yOfejsM6gyXeEcjY46KDhLSkaQ52nM7o29GEE4cUorfqALlL0lksDbOUPpUKo4xpuvz1w+peg==
BSlMPlP7YjmM0knB5Gg0h1IkzJRtMkLbExb3oZTVl/8NcxyG5fhTJvourHok9YpTRSJjRI3sTiz5n+0Yg64v4mO46YIBpwc/uD16qQ0=
i3JBWuyqdEjemWsylP95slckzJRtMkLbExP3oZTVl/8NcxyG5fhTJvourHok9YpTRSJjRI3sTiz5n+ofg64v4mO46YIBpwc/uD16qQ0=
IDtsEXcis3VB/oGsS9B9CGID3LQICTt/hsDxRadEyyClY17M0ohaHwCLmkUXqXdYRIxstPYlwOyh/G5yvBz2bk72ugit/CO9M32pDA==
ADQe4XrcareLeCGvyiQ1u9xkO9p/Zxqxf2UnvFyQTGC+iXBoGUmuRp0R5kqWqlqcJZDT+csBqXg=
dXu01gdFLEekQ2nh/ZBqddLTw6nBJCy1rMAFo2jqrJ3FDWEayRxOV1c7iIvJ183vN2sAafGIU2rtz2HfQefRqPdbGCgv4NS5y73WQ0lap6QJdIIchZcPWCcukpKvoO2ixR+Lr2R1Xqkp
luiAeInd3SA1zLXFjiZ0cRA1zY5wYBLCWl+4ponRl+4NcxyG5fhTJvourHok9YpTRSJjRI3sTiz5n+IYg6Uu4mO46YIBpwc/uD16qQ0=
/ybQvTxJX9oqoxy7ayvTdBJG7q5LaVLHtoVt6Vb6B6qy+hk1rr4GNgLVTE1aB9Pnv2IYejxmwns4ho3fD5DTM950suCKOrkCO7c/e6kO
quFnPCfJutk87z+C9d2eimID3LQICTt/hsDxRadEyyClY17M0ohaHwCLmkUXqXdYRIxstPYlwOyh+25ytx32bk72ugit/CO9M32pDA==
lXeexzeesA/7WZ6E3868zRA1zY5wYBLCWl+4ponRl+4NcxyG5fhTJvourHok9YpTRSJjRI3sTiz5n+gZg6Qu4mO46YIBpwc/uD16qQ0=
rObkKedl9WO8QcgPbBrYfEsl4cNmE6z0EcFyeTEne59KNjO0pX484uq6YjlMC7NutXTbADj037MPeGWPCPoVVP+yF6vxJ74xfKkL
tKumWKswK1UHpI40gj4VC7XHztqXx69WUqm1l5J06MpVQfmiP83O7qe5W7HgsdUgVqovML6E6O4dhxos/qxNYxC3gP8LYyN9ZQVbPAs0WXBe8X+nxSkZ2NEvITIgeWFiPCSUGQ5MFyPWNjrz/G7y41i+nRuP2MUIPuyC6MqySRobz6+zqcY=
gdZtuqjeaQJbm2wy88gtING70I+EsA6KxURPr7Y22NeMyQs5SvgaglyK2ncIqlWXztwNnG74Kgzq1uHOC5snd6kC
rAj7ZpX9fYBJRdOnsC3nQdwQhTciQTjkAUQa/O2Hsd7fO7kyN1DlYk1Pc8/MxQapcQ==
bEuydGzSNShliyQWX5q9u8i/MAxwmZ2oNBJexavzaz+nzwE7IEyqB+Ixndy7H3Uf4lW0M3sWsCPWGbyExTzmjAEPVZ77M5WCi+ihQkmXL1+gDWKpFQ==
xQkiwEQorT4wyzsMaPrjpDT2+FW7pmre2fVRTaACL1wk9CtgyLQv0xt+da87uqX0TzKHC6Hn7tEMqXs=
RnkSg34zKvYEgwV7TNqL9YYgOMJxdxrhIlhu8h+NTGC+iXBoGUauRpkS5kqWqlqcJZDT+csBqXg=
4kjNmGFlSgte66l2QZRvye3Gqw31jDM+uon+BXMQWs7wtWUvJQdpky/bDlCkP+wtk6yVAxsnDAn68zVKXpu4hRL0S6BoNI+T+35Vb1s6xTRvMmdLQWdOEWypGw==
bEuydGzSNShliyQWX5q9u8i/MAxwmZ2oNBJexavzaz+nzwE7IEyqB+Ixndy7H3Uf4lW0M3sWsCPWGbyExTzmjAEPVZ77M5WCi+ihQkmXL1+gDWKpFQ==
